  stdafx.cpp
  Dominating set ACO.cpp
  Graphe.cpp
d:\projects\projet8inf870\dominating set aco\dominating set aco\graphe.cpp(31): warning C4018: '<' : incompatibilité signed/unsigned
d:\projects\projet8inf870\dominating set aco\dominating set aco\graphe.cpp(33): error C3867: 'Sommet::getId' : syntaxe non-standard ; utilisez '&' pour créer un pointeur vers un membre
d:\projects\projet8inf870\dominating set aco\dominating set aco\graphe.cpp(33): error C2446: '==' : pas de conversion de 'int' en 'int (__thiscall Sommet::* )(void)'
  d:\projects\projet8inf870\dominating set aco\dominating set aco\graphe.cpp(33): note: Aucune conversion de valeurs intégrales en valeurs pointeurs de membres
  Solution.cpp
d:\projects\projet8inf870\dominating set aco\dominating set aco\solution.cpp(27): error C2664: 'int Solution::visibilite(std::vector<Sommet,std::allocator<_Ty>>)' : impossible de convertir l'argument 1 de 'std::vector<int,std::allocator<_Ty>>' en 'std::vector<Sommet,std::allocator<_Ty>>'
          with
          [
              _Ty=Sommet
          ]
          and
          [
              _Ty=int
          ]
          and
          [
              _Ty=Sommet
          ]
  d:\projects\projet8inf870\dominating set aco\dominating set aco\solution.cpp(27): note: Aucun opérateur de conversion définie par l'utilisateur disponible qui puisse effectuer cette conversion, ou l'opérateur ne peut pas être appelé
d:\projects\projet8inf870\dominating set aco\dominating set aco\solution.cpp(29): warning C4018: '<' : incompatibilité signed/unsigned
d:\projects\projet8inf870\dominating set aco\dominating set aco\solution.cpp(31): error C2664: 'int Solution::visibilite(std::vector<Sommet,std::allocator<_Ty>>)' : impossible de convertir l'argument 1 de 'std::vector<int,std::allocator<_Ty>>' en 'std::vector<Sommet,std::allocator<_Ty>>'
          with
          [
              _Ty=Sommet
          ]
          and
          [
              _Ty=int
          ]
          and
          [
              _Ty=Sommet
          ]
  d:\projects\projet8inf870\dominating set aco\dominating set aco\solution.cpp(31): note: Aucun opérateur de conversion définie par l'utilisateur disponible qui puisse effectuer cette conversion, ou l'opérateur ne peut pas être appelé
d:\projects\projet8inf870\dominating set aco\dominating set aco\solution.cpp(41): warning C4018: '<' : incompatibilité signed/unsigned
d:\projects\projet8inf870\dominating set aco\dominating set aco\solution.cpp(43): error C2664: 'int Solution::visibilite(std::vector<Sommet,std::allocator<_Ty>>)' : impossible de convertir l'argument 1 de 'std::vector<int,std::allocator<_Ty>>' en 'std::vector<Sommet,std::allocator<_Ty>>'
          with
          [
              _Ty=Sommet
          ]
          and
          [
              _Ty=int
          ]
          and
          [
              _Ty=Sommet
          ]
  d:\projects\projet8inf870\dominating set aco\dominating set aco\solution.cpp(43): note: Aucun opérateur de conversion définie par l'utilisateur disponible qui puisse effectuer cette conversion, ou l'opérateur ne peut pas être appelé
d:\projects\projet8inf870\dominating set aco\dominating set aco\solution.cpp(49): warning C4018: '<' : incompatibilité signed/unsigned
d:\projects\projet8inf870\dominating set aco\dominating set aco\solution.cpp(52): warning C4018: '<' : incompatibilité signed/unsigned
d:\projects\projet8inf870\dominating set aco\dominating set aco\solution.cpp(72): warning C4018: '<' : incompatibilité signed/unsigned
d:\projects\projet8inf870\dominating set aco\dominating set aco\solution.cpp(82): error C2440: 'initialisation' : impossible de convertir de 'std::vector<int,std::allocator<_Ty>>' en 'std::vector<Sommet,std::allocator<_Ty>>'
          with
          [
              _Ty=int
          ]
          and
          [
              _Ty=Sommet
          ]
  d:\projects\projet8inf870\dominating set aco\dominating set aco\solution.cpp(82): note: Aucun constructeur n'a pu prendre le type de source, ou la résolution de la surcharge du constructeur était ambiguë
d:\projects\projet8inf870\dominating set aco\dominating set aco\solution.cpp(85): warning C4018: '<' : incompatibilité signed/unsigned
d:\projects\projet8inf870\dominating set aco\dominating set aco\solution.cpp(88): warning C4018: '<' : incompatibilité signed/unsigned
d:\projects\projet8inf870\dominating set aco\dominating set aco\solution.cpp(89): warning C4018: '<' : incompatibilité signed/unsigned
d:\projects\projet8inf870\dominating set aco\dominating set aco\solution.cpp(104): warning C4018: '<' : incompatibilité signed/unsigned
d:\projects\projet8inf870\dominating set aco\dominating set aco\solution.cpp(129): warning C4018: '<' : incompatibilité signed/unsigned
d:\projects\projet8inf870\dominating set aco\dominating set aco\solution.cpp(131): warning C4018: '<' : incompatibilité signed/unsigned
  Sommet.cpp
  Génération de code en cours...
